<?xml version="1.0" encoding="UTF-8"?>
<!-- Generated by org.testng.reporters.JUnitReportReporter -->
<testsuite hostname="LAPTOP-DS2GTC0C" failures="0" tests="2" name="contactTest.DoNotCallBoxIsEnableOrNotTC_22Text" time="28.351" errors="0" timestamp="2022-01-24T08:50:22 IST" skipped="0">
  <testcase classname="contactTest.DoNotCallBoxIsEnableOrNotTC_22Text" name="doNotCallBox" time="14.019"/>
  <system-out/>
  <testcase classname="contactTest.DoNotCallBoxIsEnableOrNotTC_22Text" name="doNotCallBox" time="14.332"/>
  <system-out/>
</testsuite> <!-- contactTest.DoNotCallBoxIsEnableOrNotTC_22Text -->
