<?xml version="1.0" encoding="UTF-8"?>
<!-- Generated by org.testng.reporters.JUnitReportReporter -->
<testsuite hostname="LAPTOP-DS2GTC0C" failures="0" tests="1" name="contactTest.CreateContactTC_21Test" time="22.708" errors="0" timestamp="2022-01-28T19:05:47 IST" skipped="0">
  <testcase classname="contactTest.CreateContactTC_21Test" name="createContactTest" time="22.708"/>
  <system-out/>
</testsuite> <!-- contactTest.CreateContactTC_21Test -->
