<?xml version="1.0" encoding="UTF-8"?>
<!-- Generated by org.testng.reporters.JUnitReportReporter -->
<testsuite hostname="LAPTOP-DS2GTC0C" failures="0" tests="1" name="contactTest.EmailOptOutBoxIsEnableOrNotTC_23Test" time="12.980" errors="0" timestamp="2022-01-28T19:05:47 IST" skipped="0">
  <testcase classname="contactTest.EmailOptOutBoxIsEnableOrNotTC_23Test" name="EmailOptOutBox" time="12.980"/>
  <system-out/>
</testsuite> <!-- contactTest.EmailOptOutBoxIsEnableOrNotTC_23Test -->
