<?xml version="1.0" encoding="UTF-8"?>
<!-- Generated by org.testng.reporters.JUnitReportReporter -->
<testsuite hostname="LAPTOP-DS2GTC0C" failures="0" tests="1" name="contactTest.DoNotCallBoxIsEnableOrNotTC_22Text" time="12.844" errors="0" timestamp="2022-01-28T19:05:47 IST" skipped="0">
  <testcase classname="contactTest.DoNotCallBoxIsEnableOrNotTC_22Text" name="doNotCallBox" time="12.844"/>
  <system-out/>
</testsuite> <!-- contactTest.DoNotCallBoxIsEnableOrNotTC_22Text -->
