<?xml version="1.0" encoding="UTF-8"?>
<!-- Generated by org.testng.reporters.JUnitReportReporter -->
<testsuite hostname="LAPTOP-DS2GTC0C" failures="0" tests="1" name="contactTest.ReferanceBoxIsEnableOrNotTC_24Test" time="13.190" errors="0" timestamp="2022-01-28T19:05:47 IST" skipped="0">
  <testcase classname="contactTest.ReferanceBoxIsEnableOrNotTC_24Test" name="referanceBoxIsEnable" time="13.190"/>
  <system-out/>
</testsuite> <!-- contactTest.ReferanceBoxIsEnableOrNotTC_24Test -->
