<?xml version="1.0" encoding="UTF-8"?>
<!-- Generated by org.testng.reporters.JUnitReportReporter -->
<testsuite hostname="LAPTOP-DS2GTC0C" failures="0" tests="3" name="practice.CreateOrgTestNgTest" time="0.008" errors="0" timestamp="2022-01-18T12:00:54 IST" skipped="0">
  <testcase classname="practice.CreateOrgTestNgTest" name="createOrg" time="0.005"/>
  <system-out/>
  <testcase classname="practice.CreateOrgTestNgTest" name="createContact" time="0.002"/>
  <system-out/>
  <testcase classname="practice.CreateOrgTestNgTest" name="createProduct" time="0.001"/>
  <system-out/>
</testsuite> <!-- practice.CreateOrgTestNgTest -->
