<?xml version="1.0" encoding="UTF-8"?>
<!-- Generated by org.testng.reporters.JUnitReportReporter -->
<testsuite hostname="LAPTOP-DS2GTC0C" failures="0" tests="1" name="contactTest.DoNotCallBoxIsEnableOrNotTC_22Text" time="6.055" errors="0" timestamp="2022-01-20T10:15:34 IST" skipped="0">
  <testcase classname="contactTest.DoNotCallBoxIsEnableOrNotTC_22Text" name="doNotCallBox" time="6.055"/>
  <system-out/>
</testsuite> <!-- contactTest.DoNotCallBoxIsEnableOrNotTC_22Text -->
