<?xml version="1.0" encoding="UTF-8"?>
<!-- Generated by org.testng.reporters.JUnitReportReporter -->
<testsuite hostname="LAPTOP-DS2GTC0C" failures="0" tests="2" name="contactTest.ReferanceBoxIsEnableOrNotTC_24Test" time="26.422" errors="0" timestamp="2022-01-24T08:50:22 IST" skipped="0">
  <testcase classname="contactTest.ReferanceBoxIsEnableOrNotTC_24Test" name="referanceBoxIsEnable" time="13.163"/>
  <system-out/>
  <testcase classname="contactTest.ReferanceBoxIsEnableOrNotTC_24Test" name="referanceBoxIsEnable" time="13.259"/>
  <system-out/>
</testsuite> <!-- contactTest.ReferanceBoxIsEnableOrNotTC_24Test -->
