<?xml version="1.0" encoding="UTF-8"?>
<!-- Generated by org.testng.reporters.JUnitReportReporter -->
<testsuite hostname="LAPTOP-DS2GTC0C" failures="0" tests="2" name="contactTest.EmailOptOutBoxIsEnableOrNotTC_23Test" time="28.050" errors="0" timestamp="2022-01-24T08:50:22 IST" skipped="0">
  <testcase classname="contactTest.EmailOptOutBoxIsEnableOrNotTC_23Test" name="EmailOptOutBox" time="14.142"/>
  <system-out/>
  <testcase classname="contactTest.EmailOptOutBoxIsEnableOrNotTC_23Test" name="EmailOptOutBox" time="13.908"/>
  <system-out/>
</testsuite> <!-- contactTest.EmailOptOutBoxIsEnableOrNotTC_23Test -->
