<?xml version="1.0" encoding="UTF-8"?>
<!-- Generated by org.testng.reporters.JUnitReportReporter -->
<testsuite hostname="LAPTOP-DS2GTC0C" failures="0" tests="1" name="contactTest.EmailOptOutBoxIsEnableOrNotTC_23Test" time="6.009" errors="0" timestamp="2022-01-20T10:16:54 IST" skipped="0">
  <testcase classname="contactTest.EmailOptOutBoxIsEnableOrNotTC_23Test" name="EmailOptOutBox" time="6.009"/>
  <system-out/>
</testsuite> <!-- contactTest.EmailOptOutBoxIsEnableOrNotTC_23Test -->
