<?xml version="1.0" encoding="UTF-8"?>
<!-- Generated by org.testng.reporters.JUnitReportReporter -->
<testsuite hostname="LAPTOP-DS2GTC0C" failures="0" tests="1" name="practice.SoftAssertTest" time="0.012" errors="0" timestamp="2022-01-19T14:30:54 IST" skipped="0">
  <testcase classname="practice.SoftAssertTest" name="softAssert" time="0.012"/>
  <system-out>
    <![CDATA[string]]>
  </system-out>
</testsuite> <!-- practice.SoftAssertTest -->
