<?xml version="1.0" encoding="UTF-8"?>
<!-- Generated by org.testng.reporters.JUnitReportReporter -->
<testsuite hostname="LAPTOP-DS2GTC0C" failures="0" tests="1" name="practice.HardAssertTest" time="0.007" errors="0" timestamp="2022-01-19T11:35:21 IST" skipped="0">
  <testcase classname="practice.HardAssertTest" name="hardAssertTest" time="0.007"/>
  <system-out/>
</testsuite> <!-- practice.HardAssertTest -->
