<?xml version="1.0" encoding="UTF-8"?>
<!-- Generated by org.testng.reporters.JUnitReportReporter -->
<testsuite hostname="LAPTOP-DS2GTC0C" failures="0" tests="1" name="practice.DemoForTakingScreenShot" time="0.007" errors="0" timestamp="2022-01-19T15:00:36 IST" skipped="0">
  <testcase classname="practice.DemoForTakingScreenShot" name="sample" time="0.007"/>
  <system-out/>
</testsuite> <!-- practice.DemoForTakingScreenShot -->
